# Logfile created on 2014-01-21 14:51:19 -0800 by logger.rb/44203
I, [2014-01-21T14:51:19.594398 #12850]  INFO -- : 0:  rake (10.1.1) from /home/jet/.rvm/gems/ruby-2.1.0@Rails_4.0.2/specifications/rake-10.1.1.gemspec
I, [2014-01-21T14:51:19.594765 #12850]  INFO -- : 0:  i18n (0.6.9) from /home/jet/.rvm/gems/ruby-2.1.0@Rails_4.0.2/specifications/i18n-0.6.9.gemspec
I, [2014-01-21T14:51:19.675177 #12850]  INFO -- : 0:  minitest (4.7.5) from /home/jet/.rvm/gems/ruby-2.1.0@Rails_4.0.2/specifications/minitest-4.7.5.gemspec
I, [2014-01-21T14:51:19.675781 #12850]  INFO -- : 0:  multi_json (1.8.4) from /home/jet/.rvm/gems/ruby-2.1.0@Rails_4.0.2/specifications/multi_json-1.8.4.gemspec
I, [2014-01-21T14:51:19.676267 #12850]  INFO -- : 0:  atomic (1.1.14) from /home/jet/.rvm/gems/ruby-2.1.0@Rails_4.0.2/specifications/atomic-1.1.14.gemspec
I, [2014-01-21T14:51:19.676778 #12850]  INFO -- : 0:  thread_safe (0.1.3) from /home/jet/.rvm/gems/ruby-2.1.0@Rails_4.0.2/specifications/thread_safe-0.1.3.gemspec
I, [2014-01-21T14:51:19.677300 #12850]  INFO -- : 0:  tzinfo (0.3.38) from /home/jet/.rvm/gems/ruby-2.1.0@Rails_4.0.2/specifications/tzinfo-0.3.38.gemspec
I, [2014-01-21T14:51:19.677790 #12850]  INFO -- : 0:  activesupport (4.0.2) from /home/jet/.rvm/gems/ruby-2.1.0@Rails_4.0.2/specifications/activesupport-4.0.2.gemspec
I, [2014-01-21T14:51:19.678285 #12850]  INFO -- : 0:  builder (3.1.4) from /home/jet/.rvm/gems/ruby-2.1.0@Rails_4.0.2/specifications/builder-3.1.4.gemspec
I, [2014-01-21T14:51:19.678756 #12850]  INFO -- : 0:  erubis (2.7.0) from /home/jet/.rvm/gems/ruby-2.1.0@Rails_4.0.2/specifications/erubis-2.7.0.gemspec
I, [2014-01-21T14:51:19.679245 #12850]  INFO -- : 0:  rack (1.5.2) from /home/jet/.rvm/gems/ruby-2.1.0@Rails_4.0.2/specifications/rack-1.5.2.gemspec
I, [2014-01-21T14:51:19.679727 #12850]  INFO -- : 0:  rack-test (0.6.2) from /home/jet/.rvm/gems/ruby-2.1.0@Rails_4.0.2/specifications/rack-test-0.6.2.gemspec
I, [2014-01-21T14:51:19.680266 #12850]  INFO -- : 0:  actionpack (4.0.2) from /home/jet/.rvm/gems/ruby-2.1.0@Rails_4.0.2/specifications/actionpack-4.0.2.gemspec
I, [2014-01-21T14:51:19.680754 #12850]  INFO -- : 0:  mime-types (1.25.1) from /home/jet/.rvm/gems/ruby-2.1.0@Rails_4.0.2/specifications/mime-types-1.25.1.gemspec
I, [2014-01-21T14:51:19.681264 #12850]  INFO -- : 0:  polyglot (0.3.3) from /home/jet/.rvm/gems/ruby-2.1.0@Rails_4.0.2/specifications/polyglot-0.3.3.gemspec
I, [2014-01-21T14:51:19.681761 #12850]  INFO -- : 0:  treetop (1.4.15) from /home/jet/.rvm/gems/ruby-2.1.0@Rails_4.0.2/specifications/treetop-1.4.15.gemspec
I, [2014-01-21T14:51:19.682261 #12850]  INFO -- : 0:  mail (2.5.4) from /home/jet/.rvm/gems/ruby-2.1.0@Rails_4.0.2/specifications/mail-2.5.4.gemspec
I, [2014-01-21T14:51:19.682730 #12850]  INFO -- : 0:  actionmailer (4.0.2) from /home/jet/.rvm/gems/ruby-2.1.0@Rails_4.0.2/specifications/actionmailer-4.0.2.gemspec
I, [2014-01-21T14:51:19.683237 #12850]  INFO -- : 0:  activemodel (4.0.2) from /home/jet/.rvm/gems/ruby-2.1.0@Rails_4.0.2/specifications/activemodel-4.0.2.gemspec
I, [2014-01-21T14:51:19.683738 #12850]  INFO -- : 0:  activerecord-deprecated_finders (1.0.3) from /home/jet/.rvm/gems/ruby-2.1.0@Rails_4.0.2/specifications/activerecord-deprecated_finders-1.0.3.gemspec
I, [2014-01-21T14:51:19.684230 #12850]  INFO -- : 0:  arel (4.0.1) from /home/jet/.rvm/gems/ruby-2.1.0@Rails_4.0.2/specifications/arel-4.0.1.gemspec
I, [2014-01-21T14:51:19.684718 #12850]  INFO -- : 0:  activerecord (4.0.2) from /home/jet/.rvm/gems/ruby-2.1.0@Rails_4.0.2/specifications/activerecord-4.0.2.gemspec
I, [2014-01-21T14:51:19.685275 #12850]  INFO -- : 0:  bundler (1.5.0) from /home/jet/.rvm/gems/ruby-2.1.0@global/specifications/bundler-1.5.0.gemspec
I, [2014-01-21T14:51:19.685767 #12850]  INFO -- : 0:  hike (1.2.3) from /home/jet/.rvm/gems/ruby-2.1.0@Rails_4.0.2/specifications/hike-1.2.3.gemspec
I, [2014-01-21T14:51:19.686229 #12850]  INFO -- : 0:  thor (0.18.1) from /home/jet/.rvm/gems/ruby-2.1.0@Rails_4.0.2/specifications/thor-0.18.1.gemspec
I, [2014-01-21T14:51:19.686698 #12850]  INFO -- : 0:  railties (4.0.2) from /home/jet/.rvm/gems/ruby-2.1.0@Rails_4.0.2/specifications/railties-4.0.2.gemspec
I, [2014-01-21T14:51:19.687176 #12850]  INFO -- : 0:  tilt (1.4.1) from /home/jet/.rvm/gems/ruby-2.1.0@Rails_4.0.2/specifications/tilt-1.4.1.gemspec
I, [2014-01-21T14:51:19.687650 #12850]  INFO -- : 0:  sprockets (2.10.1) from /home/jet/.rvm/gems/ruby-2.1.0@Rails_4.0.2/specifications/sprockets-2.10.1.gemspec
I, [2014-01-21T14:51:19.688127 #12850]  INFO -- : 0:  sprockets-rails (2.0.1) from /home/jet/.rvm/gems/ruby-2.1.0@Rails_4.0.2/specifications/sprockets-rails-2.0.1.gemspec
I, [2014-01-21T14:51:19.688612 #12850]  INFO -- : 0:  rails (4.0.2) from /home/jet/.rvm/gems/ruby-2.1.0@Rails_4.0.2/specifications/rails-4.0.2.gemspec
I, [2014-01-21T14:51:19.689123 #12850]  INFO -- : 0:  minitest-rails (0.9.2) from /home/jet/.rvm/gems/ruby-2.1.0@Rails_4.0.2/specifications/minitest-rails-0.9.2.gemspec
I, [2014-01-25T16:58:57.722303 #12922]  INFO -- : 0:  rake (10.1.1) from /home/jet/.rvm/gems/ruby-2.1.0@Rails_4.0.2/specifications/rake-10.1.1.gemspec
I, [2014-01-25T16:58:57.738320 #12922]  INFO -- : 0:  i18n (0.6.9) from /home/jet/.rvm/gems/ruby-2.1.0@Rails_4.0.2/specifications/i18n-0.6.9.gemspec
I, [2014-01-25T16:58:57.872698 #12922]  INFO -- : 0:  minitest (4.7.5) from /home/jet/.rvm/gems/ruby-2.1.0@Rails_4.0.2/specifications/minitest-4.7.5.gemspec
I, [2014-01-25T16:58:57.873259 #12922]  INFO -- : 0:  multi_json (1.8.4) from /home/jet/.rvm/gems/ruby-2.1.0@Rails_4.0.2/specifications/multi_json-1.8.4.gemspec
I, [2014-01-25T16:58:57.873718 #12922]  INFO -- : 0:  atomic (1.1.14) from /home/jet/.rvm/gems/ruby-2.1.0@Rails_4.0.2/specifications/atomic-1.1.14.gemspec
I, [2014-01-25T16:58:57.874185 #12922]  INFO -- : 0:  thread_safe (0.1.3) from /home/jet/.rvm/gems/ruby-2.1.0@Rails_4.0.2/specifications/thread_safe-0.1.3.gemspec
I, [2014-01-25T16:58:57.874654 #12922]  INFO -- : 0:  tzinfo (0.3.38) from /home/jet/.rvm/gems/ruby-2.1.0@Rails_4.0.2/specifications/tzinfo-0.3.38.gemspec
I, [2014-01-25T16:58:57.875143 #12922]  INFO -- : 0:  activesupport (4.0.2) from /home/jet/.rvm/gems/ruby-2.1.0@Rails_4.0.2/specifications/activesupport-4.0.2.gemspec
I, [2014-01-25T16:58:57.875619 #12922]  INFO -- : 0:  builder (3.1.4) from /home/jet/.rvm/gems/ruby-2.1.0@Rails_4.0.2/specifications/builder-3.1.4.gemspec
I, [2014-01-25T16:58:57.876107 #12922]  INFO -- : 0:  erubis (2.7.0) from /home/jet/.rvm/gems/ruby-2.1.0@Rails_4.0.2/specifications/erubis-2.7.0.gemspec
I, [2014-01-25T16:58:57.876566 #12922]  INFO -- : 0:  rack (1.5.2) from /home/jet/.rvm/gems/ruby-2.1.0@Rails_4.0.2/specifications/rack-1.5.2.gemspec
I, [2014-01-25T16:58:57.877486 #12922]  INFO -- : 0:  rack-test (0.6.2) from /home/jet/.rvm/gems/ruby-2.1.0@Rails_4.0.2/specifications/rack-test-0.6.2.gemspec
I, [2014-01-25T16:58:57.878423 #12922]  INFO -- : 0:  actionpack (4.0.2) from /home/jet/.rvm/gems/ruby-2.1.0@Rails_4.0.2/specifications/actionpack-4.0.2.gemspec
I, [2014-01-25T16:58:57.879395 #12922]  INFO -- : 0:  mime-types (1.25.1) from /home/jet/.rvm/gems/ruby-2.1.0@Rails_4.0.2/specifications/mime-types-1.25.1.gemspec
I, [2014-01-25T16:58:57.880314 #12922]  INFO -- : 0:  polyglot (0.3.3) from /home/jet/.rvm/gems/ruby-2.1.0@Rails_4.0.2/specifications/polyglot-0.3.3.gemspec
I, [2014-01-25T16:58:57.881303 #12922]  INFO -- : 0:  treetop (1.4.15) from /home/jet/.rvm/gems/ruby-2.1.0@Rails_4.0.2/specifications/treetop-1.4.15.gemspec
I, [2014-01-25T16:58:57.882213 #12922]  INFO -- : 0:  mail (2.5.4) from /home/jet/.rvm/gems/ruby-2.1.0@Rails_4.0.2/specifications/mail-2.5.4.gemspec
I, [2014-01-25T16:58:57.883139 #12922]  INFO -- : 0:  actionmailer (4.0.2) from /home/jet/.rvm/gems/ruby-2.1.0@Rails_4.0.2/specifications/actionmailer-4.0.2.gemspec
I, [2014-01-25T16:58:57.884097 #12922]  INFO -- : 0:  activemodel (4.0.2) from /home/jet/.rvm/gems/ruby-2.1.0@Rails_4.0.2/specifications/activemodel-4.0.2.gemspec
I, [2014-01-25T16:58:57.885078 #12922]  INFO -- : 0:  activerecord-deprecated_finders (1.0.3) from /home/jet/.rvm/gems/ruby-2.1.0@Rails_4.0.2/specifications/activerecord-deprecated_finders-1.0.3.gemspec
I, [2014-01-25T16:58:57.886034 #12922]  INFO -- : 0:  arel (4.0.1) from /home/jet/.rvm/gems/ruby-2.1.0@Rails_4.0.2/specifications/arel-4.0.1.gemspec
I, [2014-01-25T16:58:57.887019 #12922]  INFO -- : 0:  activerecord (4.0.2) from /home/jet/.rvm/gems/ruby-2.1.0@Rails_4.0.2/specifications/activerecord-4.0.2.gemspec
I, [2014-01-25T16:58:57.887966 #12922]  INFO -- : 0:  ansi (1.4.3) from /home/jet/.rvm/gems/ruby-2.1.0@Rails_4.0.2/specifications/ansi-1.4.3.gemspec
I, [2014-01-25T16:58:57.888907 #12922]  INFO -- : 0:  bundler (1.5.0) from /home/jet/.rvm/gems/ruby-2.1.0@global/specifications/bundler-1.5.0.gemspec
I, [2014-01-25T16:58:58.412950 #12922]  INFO -- : 0:  timers (1.1.0) from /home/jet/.rvm/gems/ruby-2.1.0@Rails_4.0.2/specifications/timers-1.1.0.gemspec
I, [2014-01-25T16:58:58.807227 #12922]  INFO -- : 0:  celluloid (0.15.2) from /home/jet/.rvm/gems/ruby-2.1.0@Rails_4.0.2/specifications/celluloid-0.15.2.gemspec
I, [2014-01-25T16:58:58.807592 #12922]  INFO -- : 0:  coderay (1.1.0) from /home/jet/.rvm/gems/ruby-2.1.0@Rails_4.0.2/specifications/coderay-1.1.0.gemspec
I, [2014-01-25T16:58:59.500580 #12922]  INFO -- : 0:  diff-lcs (1.2.5) from /home/jet/.rvm/gems/ruby-2.1.0@Rails_4.0.2/specifications/diff-lcs-1.2.5.gemspec
I, [2014-01-25T16:59:10.024851 #12922]  INFO -- : 0:  ffi (1.9.3) from /home/jet/.rvm/gems/ruby-2.1.0@Rails_4.0.2/specifications/ffi-1.9.3.gemspec
I, [2014-01-25T16:59:10.609575 #12922]  INFO -- : 0:  formatador (0.2.4) from /home/jet/.rvm/gems/ruby-2.1.0@Rails_4.0.2/specifications/formatador-0.2.4.gemspec
I, [2014-01-25T16:59:11.018639 #12922]  INFO -- : 0:  rb-fsevent (0.9.4) from /home/jet/.rvm/gems/ruby-2.1.0@Rails_4.0.2/specifications/rb-fsevent-0.9.4.gemspec
I, [2014-01-25T16:59:11.312231 #12922]  INFO -- : 0:  rb-inotify (0.9.3) from /home/jet/.rvm/gems/ruby-2.1.0@Rails_4.0.2/specifications/rb-inotify-0.9.3.gemspec
I, [2014-01-25T16:59:11.890751 #12922]  INFO -- : 0:  listen (2.4.0) from /home/jet/.rvm/gems/ruby-2.1.0@Rails_4.0.2/specifications/listen-2.4.0.gemspec
I, [2014-01-25T16:59:12.170602 #12922]  INFO -- : 0:  lumberjack (1.0.4) from /home/jet/.rvm/gems/ruby-2.1.0@Rails_4.0.2/specifications/lumberjack-1.0.4.gemspec
I, [2014-01-25T16:59:12.170961 #12922]  INFO -- : 0:  method_source (0.8.2) from /home/jet/.rvm/gems/ruby-2.1.0@Rails_4.0.2/specifications/method_source-0.8.2.gemspec
I, [2014-01-25T16:59:12.171247 #12922]  INFO -- : 0:  slop (3.4.7) from /home/jet/.rvm/gems/ruby-2.1.0@Rails_4.0.2/specifications/slop-3.4.7.gemspec
I, [2014-01-25T16:59:12.171534 #12922]  INFO -- : 0:  pry (0.9.12.4) from /home/jet/.rvm/gems/ruby-2.1.0@Rails_4.0.2/specifications/pry-0.9.12.4.gemspec
I, [2014-01-25T16:59:12.171843 #12922]  INFO -- : 0:  thor (0.18.1) from /home/jet/.rvm/gems/ruby-2.1.0@Rails_4.0.2/specifications/thor-0.18.1.gemspec
I, [2014-01-25T16:59:12.713991 #12922]  INFO -- : 0:  guard (2.3.0) from /home/jet/.rvm/gems/ruby-2.1.0@Rails_4.0.2/specifications/guard-2.3.0.gemspec
I, [2014-01-25T16:59:12.994651 #12922]  INFO -- : 0:  guard-minitest (2.2.0) from /home/jet/.rvm/gems/ruby-2.1.0@Rails_4.0.2/specifications/guard-minitest-2.2.0.gemspec
I, [2014-01-25T16:59:13.466709 #12922]  INFO -- : 0:  rspec-core (2.14.7) from /home/jet/.rvm/gems/ruby-2.1.0@Rails_4.0.2/specifications/rspec-core-2.14.7.gemspec
I, [2014-01-25T16:59:14.258790 #12922]  INFO -- : 0:  rspec-expectations (2.14.4) from /home/jet/.rvm/gems/ruby-2.1.0@Rails_4.0.2/specifications/rspec-expectations-2.14.4.gemspec
I, [2014-01-25T16:59:14.667181 #12922]  INFO -- : 0:  rspec-mocks (2.14.4) from /home/jet/.rvm/gems/ruby-2.1.0@Rails_4.0.2/specifications/rspec-mocks-2.14.4.gemspec
I, [2014-01-25T16:59:15.141467 #12922]  INFO -- : 0:  rspec (2.14.1) from /home/jet/.rvm/gems/ruby-2.1.0@Rails_4.0.2/specifications/rspec-2.14.1.gemspec
I, [2014-01-25T16:59:15.438095 #12922]  INFO -- : 0:  guard-rspec (4.2.4) from /home/jet/.rvm/gems/ruby-2.1.0@Rails_4.0.2/specifications/guard-rspec-4.2.4.gemspec
I, [2014-01-25T16:59:15.438473 #12922]  INFO -- : 0:  hike (1.2.3) from /home/jet/.rvm/gems/ruby-2.1.0@Rails_4.0.2/specifications/hike-1.2.3.gemspec
I, [2014-01-25T16:59:15.438778 #12922]  INFO -- : 0:  railties (4.0.2) from /home/jet/.rvm/gems/ruby-2.1.0@Rails_4.0.2/specifications/railties-4.0.2.gemspec
I, [2014-01-25T16:59:15.439081 #12922]  INFO -- : 0:  tilt (1.4.1) from /home/jet/.rvm/gems/ruby-2.1.0@Rails_4.0.2/specifications/tilt-1.4.1.gemspec
I, [2014-01-25T16:59:15.439378 #12922]  INFO -- : 0:  sprockets (2.10.1) from /home/jet/.rvm/gems/ruby-2.1.0@Rails_4.0.2/specifications/sprockets-2.10.1.gemspec
I, [2014-01-25T16:59:15.439663 #12922]  INFO -- : 0:  sprockets-rails (2.0.1) from /home/jet/.rvm/gems/ruby-2.1.0@Rails_4.0.2/specifications/sprockets-rails-2.0.1.gemspec
I, [2014-01-25T16:59:15.439955 #12922]  INFO -- : 0:  rails (4.0.2) from /home/jet/.rvm/gems/ruby-2.1.0@Rails_4.0.2/specifications/rails-4.0.2.gemspec
I, [2014-01-25T16:59:15.440276 #12922]  INFO -- : 0:  minitest-rails (0.9.2) from /home/jet/.rvm/gems/ruby-2.1.0@Rails_4.0.2/specifications/minitest-rails-0.9.2.gemspec
I, [2014-01-25T16:59:15.440569 #12922]  INFO -- : 0:  turn (0.9.6) from /home/jet/.rvm/gems/ruby-2.1.0@Rails_4.0.2/specifications/turn-0.9.6.gemspec
I, [2014-01-25T17:01:42.277017 #13149]  INFO -- : 0:  rake (10.1.1) from /home/jet/.rvm/gems/ruby-2.1.0@Rails_4.0.2/specifications/rake-10.1.1.gemspec
I, [2014-01-25T17:01:42.277482 #13149]  INFO -- : 0:  i18n (0.6.9) from /home/jet/.rvm/gems/ruby-2.1.0@Rails_4.0.2/specifications/i18n-0.6.9.gemspec
I, [2014-01-25T17:01:42.341722 #13149]  INFO -- : 0:  minitest (4.7.5) from /home/jet/.rvm/gems/ruby-2.1.0@Rails_4.0.2/specifications/minitest-4.7.5.gemspec
I, [2014-01-25T17:01:42.342948 #13149]  INFO -- : 0:  multi_json (1.8.4) from /home/jet/.rvm/gems/ruby-2.1.0@Rails_4.0.2/specifications/multi_json-1.8.4.gemspec
I, [2014-01-25T17:01:42.343905 #13149]  INFO -- : 0:  atomic (1.1.14) from /home/jet/.rvm/gems/ruby-2.1.0@Rails_4.0.2/specifications/atomic-1.1.14.gemspec
I, [2014-01-25T17:01:42.345088 #13149]  INFO -- : 0:  thread_safe (0.1.3) from /home/jet/.rvm/gems/ruby-2.1.0@Rails_4.0.2/specifications/thread_safe-0.1.3.gemspec
I, [2014-01-25T17:01:42.346260 #13149]  INFO -- : 0:  tzinfo (0.3.38) from /home/jet/.rvm/gems/ruby-2.1.0@Rails_4.0.2/specifications/tzinfo-0.3.38.gemspec
I, [2014-01-25T17:01:42.347322 #13149]  INFO -- : 0:  activesupport (4.0.2) from /home/jet/.rvm/gems/ruby-2.1.0@Rails_4.0.2/specifications/activesupport-4.0.2.gemspec
I, [2014-01-25T17:01:42.348380 #13149]  INFO -- : 0:  builder (3.1.4) from /home/jet/.rvm/gems/ruby-2.1.0@Rails_4.0.2/specifications/builder-3.1.4.gemspec
I, [2014-01-25T17:01:42.349645 #13149]  INFO -- : 0:  erubis (2.7.0) from /home/jet/.rvm/gems/ruby-2.1.0@Rails_4.0.2/specifications/erubis-2.7.0.gemspec
I, [2014-01-25T17:01:42.350736 #13149]  INFO -- : 0:  rack (1.5.2) from /home/jet/.rvm/gems/ruby-2.1.0@Rails_4.0.2/specifications/rack-1.5.2.gemspec
I, [2014-01-25T17:01:42.351723 #13149]  INFO -- : 0:  rack-test (0.6.2) from /home/jet/.rvm/gems/ruby-2.1.0@Rails_4.0.2/specifications/rack-test-0.6.2.gemspec
I, [2014-01-25T17:01:42.352739 #13149]  INFO -- : 0:  actionpack (4.0.2) from /home/jet/.rvm/gems/ruby-2.1.0@Rails_4.0.2/specifications/actionpack-4.0.2.gemspec
I, [2014-01-25T17:01:42.353804 #13149]  INFO -- : 0:  mime-types (1.25.1) from /home/jet/.rvm/gems/ruby-2.1.0@Rails_4.0.2/specifications/mime-types-1.25.1.gemspec
I, [2014-01-25T17:01:42.354964 #13149]  INFO -- : 0:  polyglot (0.3.3) from /home/jet/.rvm/gems/ruby-2.1.0@Rails_4.0.2/specifications/polyglot-0.3.3.gemspec
I, [2014-01-25T17:01:42.355897 #13149]  INFO -- : 0:  treetop (1.4.15) from /home/jet/.rvm/gems/ruby-2.1.0@Rails_4.0.2/specifications/treetop-1.4.15.gemspec
I, [2014-01-25T17:01:42.356930 #13149]  INFO -- : 0:  mail (2.5.4) from /home/jet/.rvm/gems/ruby-2.1.0@Rails_4.0.2/specifications/mail-2.5.4.gemspec
I, [2014-01-25T17:01:42.358024 #13149]  INFO -- : 0:  actionmailer (4.0.2) from /home/jet/.rvm/gems/ruby-2.1.0@Rails_4.0.2/specifications/actionmailer-4.0.2.gemspec
I, [2014-01-25T17:01:42.358997 #13149]  INFO -- : 0:  activemodel (4.0.2) from /home/jet/.rvm/gems/ruby-2.1.0@Rails_4.0.2/specifications/activemodel-4.0.2.gemspec
I, [2014-01-25T17:01:42.361937 #13149]  INFO -- : 0:  activerecord-deprecated_finders (1.0.3) from /home/jet/.rvm/gems/ruby-2.1.0@Rails_4.0.2/specifications/activerecord-deprecated_finders-1.0.3.gemspec
I, [2014-01-25T17:01:42.362275 #13149]  INFO -- : 0:  arel (4.0.1) from /home/jet/.rvm/gems/ruby-2.1.0@Rails_4.0.2/specifications/arel-4.0.1.gemspec
I, [2014-01-25T17:01:42.362574 #13149]  INFO -- : 0:  activerecord (4.0.2) from /home/jet/.rvm/gems/ruby-2.1.0@Rails_4.0.2/specifications/activerecord-4.0.2.gemspec
I, [2014-01-25T17:01:42.362858 #13149]  INFO -- : 0:  ansi (1.4.3) from /home/jet/.rvm/gems/ruby-2.1.0@Rails_4.0.2/specifications/ansi-1.4.3.gemspec
I, [2014-01-25T17:01:42.363152 #13149]  INFO -- : 0:  bundler (1.5.0) from /home/jet/.rvm/gems/ruby-2.1.0@global/specifications/bundler-1.5.0.gemspec
I, [2014-01-25T17:01:42.363461 #13149]  INFO -- : 0:  timers (1.1.0) from /home/jet/.rvm/gems/ruby-2.1.0@Rails_4.0.2/specifications/timers-1.1.0.gemspec
I, [2014-01-25T17:01:42.363766 #13149]  INFO -- : 0:  celluloid (0.15.2) from /home/jet/.rvm/gems/ruby-2.1.0@Rails_4.0.2/specifications/celluloid-0.15.2.gemspec
I, [2014-01-25T17:01:42.364101 #13149]  INFO -- : 0:  coderay (1.1.0) from /home/jet/.rvm/gems/ruby-2.1.0@Rails_4.0.2/specifications/coderay-1.1.0.gemspec
I, [2014-01-25T17:01:42.364388 #13149]  INFO -- : 0:  diff-lcs (1.2.5) from /home/jet/.rvm/gems/ruby-2.1.0@Rails_4.0.2/specifications/diff-lcs-1.2.5.gemspec
I, [2014-01-25T17:01:42.364722 #13149]  INFO -- : 0:  ffi (1.9.3) from /home/jet/.rvm/gems/ruby-2.1.0@Rails_4.0.2/specifications/ffi-1.9.3.gemspec
I, [2014-01-25T17:01:42.365026 #13149]  INFO -- : 0:  formatador (0.2.4) from /home/jet/.rvm/gems/ruby-2.1.0@Rails_4.0.2/specifications/formatador-0.2.4.gemspec
I, [2014-01-25T17:01:42.365330 #13149]  INFO -- : 0:  rb-fsevent (0.9.4) from /home/jet/.rvm/gems/ruby-2.1.0@Rails_4.0.2/specifications/rb-fsevent-0.9.4.gemspec
I, [2014-01-25T17:01:42.365661 #13149]  INFO -- : 0:  rb-inotify (0.9.3) from /home/jet/.rvm/gems/ruby-2.1.0@Rails_4.0.2/specifications/rb-inotify-0.9.3.gemspec
I, [2014-01-25T17:01:42.365974 #13149]  INFO -- : 0:  listen (2.4.0) from /home/jet/.rvm/gems/ruby-2.1.0@Rails_4.0.2/specifications/listen-2.4.0.gemspec
I, [2014-01-25T17:01:42.366303 #13149]  INFO -- : 0:  lumberjack (1.0.4) from /home/jet/.rvm/gems/ruby-2.1.0@Rails_4.0.2/specifications/lumberjack-1.0.4.gemspec
I, [2014-01-25T17:01:42.366626 #13149]  INFO -- : 0:  method_source (0.8.2) from /home/jet/.rvm/gems/ruby-2.1.0@Rails_4.0.2/specifications/method_source-0.8.2.gemspec
I, [2014-01-25T17:01:42.366928 #13149]  INFO -- : 0:  slop (3.4.7) from /home/jet/.rvm/gems/ruby-2.1.0@Rails_4.0.2/specifications/slop-3.4.7.gemspec
I, [2014-01-25T17:01:42.367211 #13149]  INFO -- : 0:  pry (0.9.12.4) from /home/jet/.rvm/gems/ruby-2.1.0@Rails_4.0.2/specifications/pry-0.9.12.4.gemspec
I, [2014-01-25T17:01:42.367503 #13149]  INFO -- : 0:  thor (0.18.1) from /home/jet/.rvm/gems/ruby-2.1.0@Rails_4.0.2/specifications/thor-0.18.1.gemspec
I, [2014-01-25T17:01:42.367815 #13149]  INFO -- : 0:  guard (2.3.0) from /home/jet/.rvm/gems/ruby-2.1.0@Rails_4.0.2/specifications/guard-2.3.0.gemspec
I, [2014-01-25T17:01:42.368146 #13149]  INFO -- : 0:  guard-minitest (2.2.0) from /home/jet/.rvm/gems/ruby-2.1.0@Rails_4.0.2/specifications/guard-minitest-2.2.0.gemspec
I, [2014-01-25T17:01:42.368455 #13149]  INFO -- : 0:  rspec-core (2.14.7) from /home/jet/.rvm/gems/ruby-2.1.0@Rails_4.0.2/specifications/rspec-core-2.14.7.gemspec
I, [2014-01-25T17:01:42.368805 #13149]  INFO -- : 0:  rspec-expectations (2.14.4) from /home/jet/.rvm/gems/ruby-2.1.0@Rails_4.0.2/specifications/rspec-expectations-2.14.4.gemspec
I, [2014-01-25T17:01:42.369139 #13149]  INFO -- : 0:  rspec-mocks (2.14.4) from /home/jet/.rvm/gems/ruby-2.1.0@Rails_4.0.2/specifications/rspec-mocks-2.14.4.gemspec
I, [2014-01-25T17:01:42.369469 #13149]  INFO -- : 0:  rspec (2.14.1) from /home/jet/.rvm/gems/ruby-2.1.0@Rails_4.0.2/specifications/rspec-2.14.1.gemspec
I, [2014-01-25T17:01:42.369747 #13149]  INFO -- : 0:  guard-rspec (4.2.4) from /home/jet/.rvm/gems/ruby-2.1.0@Rails_4.0.2/specifications/guard-rspec-4.2.4.gemspec
I, [2014-01-25T17:01:42.370070 #13149]  INFO -- : 0:  hike (1.2.3) from /home/jet/.rvm/gems/ruby-2.1.0@Rails_4.0.2/specifications/hike-1.2.3.gemspec
I, [2014-01-25T17:01:42.370381 #13149]  INFO -- : 0:  railties (4.0.2) from /home/jet/.rvm/gems/ruby-2.1.0@Rails_4.0.2/specifications/railties-4.0.2.gemspec
I, [2014-01-25T17:01:42.370677 #13149]  INFO -- : 0:  tilt (1.4.1) from /home/jet/.rvm/gems/ruby-2.1.0@Rails_4.0.2/specifications/tilt-1.4.1.gemspec
I, [2014-01-25T17:01:42.370994 #13149]  INFO -- : 0:  sprockets (2.10.1) from /home/jet/.rvm/gems/ruby-2.1.0@Rails_4.0.2/specifications/sprockets-2.10.1.gemspec
I, [2014-01-25T17:01:42.371322 #13149]  INFO -- : 0:  sprockets-rails (2.0.1) from /home/jet/.rvm/gems/ruby-2.1.0@Rails_4.0.2/specifications/sprockets-rails-2.0.1.gemspec
I, [2014-01-25T17:01:42.371654 #13149]  INFO -- : 0:  rails (4.0.2) from /home/jet/.rvm/gems/ruby-2.1.0@Rails_4.0.2/specifications/rails-4.0.2.gemspec
I, [2014-01-25T17:01:42.372001 #13149]  INFO -- : 0:  minitest-rails (0.9.2) from /home/jet/.rvm/gems/ruby-2.1.0@Rails_4.0.2/specifications/minitest-rails-0.9.2.gemspec
I, [2014-01-25T17:01:42.372344 #13149]  INFO -- : 0:  turn (0.9.6) from /home/jet/.rvm/gems/ruby-2.1.0@Rails_4.0.2/specifications/turn-0.9.6.gemspec
I, [2014-01-25T17:02:36.791094 #13446]  INFO -- : 0:  rake (10.1.1) from /home/jet/.rvm/gems/ruby-2.1.0/specifications/rake-10.1.1.gemspec
I, [2014-01-25T17:02:37.121506 #13446]  INFO -- : 0:  i18n (0.6.9) from /home/jet/.rvm/gems/ruby-2.1.0/specifications/i18n-0.6.9.gemspec
E, [2014-01-25T17:02:37.139919 #13446] ERROR -- : Bundler::GemNotFound: Could not find minitest-4.7.5.gem for installation
/home/jet/.rvm/gems/ruby-2.1.0@global/gems/bundler-1.5.0/lib/bundler/source/rubygems.rb:149:in `cached_gem'  \n/home/jet/.rvm/gems/ruby-2.1.0@global/gems/bundler-1.5.0/lib/bundler/source/rubygems.rb:84:in `install'  \n/home/jet/.rvm/gems/ruby-2.1.0@global/gems/bundler-1.5.0/lib/bundler/installer.rb:111:in `block in install_gem_from_spec'  \n/home/jet/.rvm/gems/ruby-2.1.0@global/gems/bundler-1.5.0/lib/bundler/rubygems_integration.rb:150:in `with_build_args'  \n/home/jet/.rvm/gems/ruby-2.1.0@global/gems/bundler-1.5.0/lib/bundler/installer.rb:110:in `install_gem_from_spec'  \n/home/jet/.rvm/gems/ruby-2.1.0@global/gems/bundler-1.5.0/lib/bundler/installer.rb:295:in `block in install_sequentially'  \n/home/jet/.rvm/rubies/ruby-2.1.0/lib/ruby/2.1.0/forwardable.rb:183:in `each'  \n/home/jet/.rvm/rubies/ruby-2.1.0/lib/ruby/2.1.0/forwardable.rb:183:in `each'  \n/home/jet/.rvm/gems/ruby-2.1.0@global/gems/bundler-1.5.0/lib/bundler/installer.rb:294:in `install_sequentially'  \n/home/jet/.rvm/gems/ruby-2.1.0@global/gems/bundler-1.5.0/lib/bundler/installer.rb:97:in `run'  \n/home/jet/.rvm/gems/ruby-2.1.0@global/gems/bundler-1.5.0/lib/bundler/installer.rb:15:in `install'  \n/home/jet/.rvm/gems/ruby-2.1.0@global/gems/bundler-1.5.0/lib/bundler/cli.rb:257:in `install'  \n/home/jet/.rvm/gems/ruby-2.1.0@global/gems/bundler-1.5.0/lib/bundler/vendor/thor/command.rb:27:in `run'  \n/home/jet/.rvm/gems/ruby-2.1.0@global/gems/bundler-1.5.0/lib/bundler/vendor/thor/invocation.rb:120:in `invoke_command'  \n/home/jet/.rvm/gems/ruby-2.1.0@global/gems/bundler-1.5.0/lib/bundler/vendor/thor.rb:363:in `dispatch'  \n/home/jet/.rvm/gems/ruby-2.1.0@global/gems/bundler-1.5.0/lib/bundler/vendor/thor/base.rb:438:in `start'  \n/home/jet/.rvm/gems/ruby-2.1.0@global/gems/bundler-1.5.0/lib/bundler/cli.rb:10:in `start'  \n/home/jet/.rvm/gems/ruby-2.1.0@global/gems/bundler-1.5.0/bin/bundle:22:in `block in <top (required)>'  \n/home/jet/.rvm/gems/ruby-2.1.0@global/gems/bundler-1.5.0/lib/bundler/friendly_errors.rb:5:in `with_friendly_errors'  \n/home/jet/.rvm/gems/ruby-2.1.0@global/gems/bundler-1.5.0/bin/bundle:22:in `<top (required)>'  \n/home/jet/.rvm/gems/ruby-2.1.0@global/bin/bundle:23:in `load'  \n/home/jet/.rvm/gems/ruby-2.1.0@global/bin/bundle:23:in `<main>'  \n/home/jet/.rvm/gems/ruby-2.1.0/bin/ruby_executable_hooks:15:in `eval'  \n/home/jet/.rvm/gems/ruby-2.1.0/bin/ruby_executable_hooks:15:in `<main>'
I, [2014-01-25T17:04:34.912104 #13464]  INFO -- : 0:  rake (10.1.1) from /home/jet/.rvm/gems/ruby-2.1.0/specifications/rake-10.1.1.gemspec
I, [2014-01-25T17:04:34.912507 #13464]  INFO -- : 0:  i18n (0.6.9) from /home/jet/.rvm/gems/ruby-2.1.0/specifications/i18n-0.6.9.gemspec
I, [2014-01-25T17:04:34.930488 #13464]  INFO -- : 0:  minitest (4.7.5) from /home/jet/.rvm/gems/ruby-2.1.0/specifications/minitest-4.7.5.gemspec
I, [2014-01-25T17:04:34.930856 #13464]  INFO -- : 0:  multi_json (1.8.4) from /home/jet/.rvm/gems/ruby-2.1.0/specifications/multi_json-1.8.4.gemspec
I, [2014-01-25T17:04:35.706007 #13464]  INFO -- : 0:  atomic (1.1.14) from /home/jet/.rvm/gems/ruby-2.1.0/specifications/atomic-1.1.14.gemspec
I, [2014-01-25T17:04:36.109879 #13464]  INFO -- : 0:  thread_safe (0.1.3) from /home/jet/.rvm/gems/ruby-2.1.0/specifications/thread_safe-0.1.3.gemspec
I, [2014-01-25T17:04:37.589947 #13464]  INFO -- : 0:  tzinfo (0.3.38) from /home/jet/.rvm/gems/ruby-2.1.0/specifications/tzinfo-0.3.38.gemspec
I, [2014-01-25T17:04:38.241954 #13464]  INFO -- : 0:  activesupport (4.0.2) from /home/jet/.rvm/gems/ruby-2.1.0/specifications/activesupport-4.0.2.gemspec
I, [2014-01-25T17:04:38.784987 #13464]  INFO -- : 0:  builder (3.1.4) from /home/jet/.rvm/gems/ruby-2.1.0/specifications/builder-3.1.4.gemspec
I, [2014-01-25T17:04:39.877541 #13464]  INFO -- : 0:  erubis (2.7.0) from /home/jet/.rvm/gems/ruby-2.1.0/specifications/erubis-2.7.0.gemspec
I, [2014-01-25T17:04:39.877917 #13464]  INFO -- : 0:  rack (1.5.2) from /home/jet/.rvm/gems/ruby-2.1.0/specifications/rack-1.5.2.gemspec
I, [2014-01-25T17:04:39.878209 #13464]  INFO -- : 0:  rack-test (0.6.2) from /home/jet/.rvm/gems/ruby-2.1.0/specifications/rack-test-0.6.2.gemspec
I, [2014-01-25T17:04:40.577509 #13464]  INFO -- : 0:  actionpack (4.0.2) from /home/jet/.rvm/gems/ruby-2.1.0/specifications/actionpack-4.0.2.gemspec
I, [2014-01-25T17:04:41.305240 #13464]  INFO -- : 0:  mime-types (1.25.1) from /home/jet/.rvm/gems/ruby-2.1.0/specifications/mime-types-1.25.1.gemspec
I, [2014-01-25T17:04:41.751591 #13464]  INFO -- : 0:  polyglot (0.3.3) from /home/jet/.rvm/gems/ruby-2.1.0/specifications/polyglot-0.3.3.gemspec
I, [2014-01-25T17:04:42.103261 #13464]  INFO -- : 0:  treetop (1.4.15) from /home/jet/.rvm/gems/ruby-2.1.0/specifications/treetop-1.4.15.gemspec
I, [2014-01-25T17:04:42.862378 #13464]  INFO -- : 0:  mail (2.5.4) from /home/jet/.rvm/gems/ruby-2.1.0/specifications/mail-2.5.4.gemspec
I, [2014-01-25T17:04:43.105508 #13464]  INFO -- : 0:  actionmailer (4.0.2) from /home/jet/.rvm/gems/ruby-2.1.0/specifications/actionmailer-4.0.2.gemspec
I, [2014-01-25T17:04:43.470113 #13464]  INFO -- : 0:  activemodel (4.0.2) from /home/jet/.rvm/gems/ruby-2.1.0/specifications/activemodel-4.0.2.gemspec
I, [2014-01-25T17:04:43.707904 #13464]  INFO -- : 0:  activerecord-deprecated_finders (1.0.3) from /home/jet/.rvm/gems/ruby-2.1.0/specifications/activerecord-deprecated_finders-1.0.3.gemspec
I, [2014-01-25T17:04:44.456899 #13464]  INFO -- : 0:  arel (4.0.1) from /home/jet/.rvm/gems/ruby-2.1.0/specifications/arel-4.0.1.gemspec
I, [2014-01-25T17:04:45.014063 #13464]  INFO -- : 0:  activerecord (4.0.2) from /home/jet/.rvm/gems/ruby-2.1.0/specifications/activerecord-4.0.2.gemspec
I, [2014-01-25T17:04:45.791309 #13464]  INFO -- : 0:  ansi (1.4.3) from /home/jet/.rvm/gems/ruby-2.1.0/specifications/ansi-1.4.3.gemspec
I, [2014-01-25T17:04:45.791672 #13464]  INFO -- : 0:  bundler (1.5.0) from /home/jet/.rvm/gems/ruby-2.1.0@global/specifications/bundler-1.5.0.gemspec
I, [2014-01-25T17:04:46.246532 #13464]  INFO -- : 0:  timers (1.1.0) from /home/jet/.rvm/gems/ruby-2.1.0/specifications/timers-1.1.0.gemspec
I, [2014-01-25T17:04:46.542898 #13464]  INFO -- : 0:  celluloid (0.15.2) from /home/jet/.rvm/gems/ruby-2.1.0/specifications/celluloid-0.15.2.gemspec
I, [2014-01-25T17:04:46.543262 #13464]  INFO -- : 0:  coderay (1.1.0) from /home/jet/.rvm/gems/ruby-2.1.0/specifications/coderay-1.1.0.gemspec
I, [2014-01-25T17:04:47.200077 #13464]  INFO -- : 0:  diff-lcs (1.2.5) from /home/jet/.rvm/gems/ruby-2.1.0/specifications/diff-lcs-1.2.5.gemspec
I, [2014-01-25T17:04:55.250374 #13464]  INFO -- : 0:  ffi (1.9.3) from /home/jet/.rvm/gems/ruby-2.1.0/specifications/ffi-1.9.3.gemspec
I, [2014-01-25T17:04:55.773985 #13464]  INFO -- : 0:  formatador (0.2.4) from /home/jet/.rvm/gems/ruby-2.1.0/specifications/formatador-0.2.4.gemspec
I, [2014-01-25T17:04:56.174151 #13464]  INFO -- : 0:  rb-fsevent (0.9.4) from /home/jet/.rvm/gems/ruby-2.1.0/specifications/rb-fsevent-0.9.4.gemspec
I, [2014-01-25T17:04:56.439718 #13464]  INFO -- : 0:  rb-inotify (0.9.3) from /home/jet/.rvm/gems/ruby-2.1.0/specifications/rb-inotify-0.9.3.gemspec
I, [2014-01-25T17:04:57.022218 #13464]  INFO -- : 0:  listen (2.4.0) from /home/jet/.rvm/gems/ruby-2.1.0/specifications/listen-2.4.0.gemspec
I, [2014-01-25T17:04:57.333987 #13464]  INFO -- : 0:  lumberjack (1.0.4) from /home/jet/.rvm/gems/ruby-2.1.0/specifications/lumberjack-1.0.4.gemspec
I, [2014-01-25T17:04:57.334372 #13464]  INFO -- : 0:  method_source (0.8.2) from /home/jet/.rvm/gems/ruby-2.1.0/specifications/method_source-0.8.2.gemspec
I, [2014-01-25T17:04:57.334654 #13464]  INFO -- : 0:  slop (3.4.7) from /home/jet/.rvm/gems/ruby-2.1.0/specifications/slop-3.4.7.gemspec
I, [2014-01-25T17:04:57.334933 #13464]  INFO -- : 0:  pry (0.9.12.4) from /home/jet/.rvm/gems/ruby-2.1.0/specifications/pry-0.9.12.4.gemspec
I, [2014-01-25T17:04:58.137102 #13464]  INFO -- : 0:  thor (0.18.1) from /home/jet/.rvm/gems/ruby-2.1.0/specifications/thor-0.18.1.gemspec
I, [2014-01-25T17:04:58.691651 #13464]  INFO -- : 0:  guard (2.3.0) from /home/jet/.rvm/gems/ruby-2.1.0/specifications/guard-2.3.0.gemspec
I, [2014-01-25T17:04:58.954340 #13464]  INFO -- : 0:  guard-minitest (2.2.0) from /home/jet/.rvm/gems/ruby-2.1.0/specifications/guard-minitest-2.2.0.gemspec
I, [2014-01-25T17:04:59.472816 #13464]  INFO -- : 0:  rspec-core (2.14.7) from /home/jet/.rvm/gems/ruby-2.1.0/specifications/rspec-core-2.14.7.gemspec
I, [2014-01-25T17:05:00.268311 #13464]  INFO -- : 0:  rspec-expectations (2.14.4) from /home/jet/.rvm/gems/ruby-2.1.0/specifications/rspec-expectations-2.14.4.gemspec
I, [2014-01-25T17:05:00.892914 #13464]  INFO -- : 0:  rspec-mocks (2.14.4) from /home/jet/.rvm/gems/ruby-2.1.0/specifications/rspec-mocks-2.14.4.gemspec
I, [2014-01-25T17:05:01.409999 #13464]  INFO -- : 0:  rspec (2.14.1) from /home/jet/.rvm/gems/ruby-2.1.0/specifications/rspec-2.14.1.gemspec
I, [2014-01-25T17:05:01.695290 #13464]  INFO -- : 0:  guard-rspec (4.2.4) from /home/jet/.rvm/gems/ruby-2.1.0/specifications/guard-rspec-4.2.4.gemspec
I, [2014-01-25T17:05:01.975183 #13464]  INFO -- : 0:  hike (1.2.3) from /home/jet/.rvm/gems/ruby-2.1.0/specifications/hike-1.2.3.gemspec
I, [2014-01-25T17:05:02.397750 #13464]  INFO -- : 0:  railties (4.0.2) from /home/jet/.rvm/gems/ruby-2.1.0/specifications/railties-4.0.2.gemspec
I, [2014-01-25T17:05:02.705712 #13464]  INFO -- : 0:  tilt (1.4.1) from /home/jet/.rvm/gems/ruby-2.1.0/specifications/tilt-1.4.1.gemspec
I, [2014-01-25T17:05:03.366774 #13464]  INFO -- : 0:  sprockets (2.10.1) from /home/jet/.rvm/gems/ruby-2.1.0/specifications/sprockets-2.10.1.gemspec
I, [2014-01-25T17:05:03.646571 #13464]  INFO -- : 0:  sprockets-rails (2.0.1) from /home/jet/.rvm/gems/ruby-2.1.0/specifications/sprockets-rails-2.0.1.gemspec
I, [2014-01-25T17:05:05.294494 #13464]  INFO -- : 0:  rails (4.0.2) from /home/jet/.rvm/gems/ruby-2.1.0/specifications/rails-4.0.2.gemspec
I, [2014-01-25T17:05:05.586068 #13464]  INFO -- : 0:  minitest-rails (0.9.2) from /home/jet/.rvm/gems/ruby-2.1.0/specifications/minitest-rails-0.9.2.gemspec
I, [2014-01-25T17:05:06.324893 #13464]  INFO -- : 0:  turn (0.9.6) from /home/jet/.rvm/gems/ruby-2.1.0/specifications/turn-0.9.6.gemspec
